{
"contracts/FundMe.sol":{"l":{"31":3,"32":3,"33":3,"34":3,"39":14,"46":14,"50":10,"51":9,"52":8,"60":14,"61":14,"65":2,"72":1,"73":1,"74":1,"75":1,"76":1,"77":1,"79":1,"83":2,"84":1,"85":1,"86":1,"87":1,"88":1,"89":1,"90":1,"94":0,"95":0,"99":0,"103":0,"107":6,"108":4,"112":2,"113":2},"path":"/Users/jsm/hardhat-project/Web3_tutorial/contracts/FundMe.sol","s":{"1":14,"2":14,"3":10,"4":9,"5":14,"6":14,"7":2,"8":1,"9":1,"10":1,"11":1,"12":2,"13":1,"14":1,"15":1,"16":1,"17":1,"18":0,"19":6,"20":2},"b":{"1":[9,1],"2":[8,1],"3":[2,1],"4":[2,0],"5":[1,1],"6":[1,0],"7":[2,1],"8":[1,1],"9":[1,0],"10":[1,0],"11":[0,0],"12":[0,0],"13":[0,0],"14":[4,2],"15":[2,0]},"f":{"1":3,"2":14,"3":10,"4":14,"5":2,"6":2,"7":0,"8":0,"9":0,"10":6,"11":2},"fnMap":{"1":{"name":"constructor","line":30,"loc":{"start":{"line":30,"column":4},"end":{"line":35,"column":4}}},"2":{"name":"getChainlinkDataFeedLatestAnswer","line":37,"loc":{"start":{"line":37,"column":4},"end":{"line":47,"column":4}}},"3":{"name":"fund","line":49,"loc":{"start":{"line":49,"column":4},"end":{"line":53,"column":4}}},"4":{"name":"convertEthToUsd","line":55,"loc":{"start":{"line":55,"column":4},"end":{"line":62,"column":4}}},"5":{"name":"getFund","line":64,"loc":{"start":{"line":64,"column":4},"end":{"line":80,"column":4}}},"6":{"name":"refund","line":82,"loc":{"start":{"line":82,"column":4},"end":{"line":91,"column":4}}},"7":{"name":"setFunderToAmount","line":93,"loc":{"start":{"line":93,"column":4},"end":{"line":96,"column":4}}},"8":{"name":"setErc20Addr","line":98,"loc":{"start":{"line":98,"column":4},"end":{"line":100,"column":4}}},"9":{"name":"transferOwnership","line":102,"loc":{"start":{"line":102,"column":4},"end":{"line":104,"column":4}}},"10":{"name":"windowClose","line":106,"loc":{"start":{"line":106,"column":4},"end":{"line":109,"column":4}}},"11":{"name":"onlyOwner","line":111,"loc":{"start":{"line":111,"column":4},"end":{"line":114,"column":4}}}},"statementMap":{"1":{"start":{"line":39,"column":8},"end":{"line":39,"column":1114}},"2":{"start":{"line":46,"column":8},"end":{"line":46,"column":21}},"3":{"start":{"line":50,"column":8},"end":{"line":50,"column":77}},"4":{"start":{"line":51,"column":8},"end":{"line":51,"column":80}},"5":{"start":{"line":60,"column":8},"end":{"line":60,"column":70}},"6":{"start":{"line":61,"column":8},"end":{"line":61,"column":45}},"7":{"start":{"line":65,"column":8},"end":{"line":65,"column":89}},"8":{"start":{"line":72,"column":8},"end":{"line":72,"column":20}},"9":{"start":{"line":73,"column":8},"end":{"line":73,"column":47}},"10":{"start":{"line":75,"column":8},"end":{"line":75,"column":45}},"11":{"start":{"line":79,"column":8},"end":{"line":79,"column":42}},"12":{"start":{"line":83,"column":8},"end":{"line":83,"column":88}},"13":{"start":{"line":84,"column":8},"end":{"line":84,"column":75}},"14":{"start":{"line":85,"column":8},"end":{"line":85,"column":20}},"15":{"start":{"line":86,"column":8},"end":{"line":86,"column":53}},"16":{"start":{"line":88,"column":8},"end":{"line":88,"column":45}},"17":{"start":{"line":90,"column":8},"end":{"line":90,"column":56}},"18":{"start":{"line":94,"column":8},"end":{"line":94,"column":85}},"19":{"start":{"line":107,"column":8},"end":{"line":107,"column":85}},"20":{"start":{"line":112,"column":8},"end":{"line":112,"column":80}}},"branchMap":{"1":{"line":50,"type":"if","locations":[{"start":{"line":50,"column":8},"end":{"line":50,"column":8}},{"start":{"line":50,"column":8},"end":{"line":50,"column":8}}]},"2":{"line":51,"type":"if","locations":[{"start":{"line":51,"column":8},"end":{"line":51,"column":8}},{"start":{"line":51,"column":8},"end":{"line":51,"column":8}}]},"3":{"line":64,"type":"if","locations":[{"start":{"line":64,"column":40},"end":{"line":64,"column":40}},{"start":{"line":64,"column":40},"end":{"line":64,"column":40}}]},"4":{"line":64,"type":"if","locations":[{"start":{"line":64,"column":52},"end":{"line":64,"column":52}},{"start":{"line":64,"column":52},"end":{"line":64,"column":52}}]},"5":{"line":65,"type":"if","locations":[{"start":{"line":65,"column":8},"end":{"line":65,"column":8}},{"start":{"line":65,"column":8},"end":{"line":65,"column":8}}]},"6":{"line":75,"type":"if","locations":[{"start":{"line":75,"column":8},"end":{"line":75,"column":8}},{"start":{"line":75,"column":8},"end":{"line":75,"column":8}}]},"7":{"line":82,"type":"if","locations":[{"start":{"line":82,"column":39},"end":{"line":82,"column":39}},{"start":{"line":82,"column":39},"end":{"line":82,"column":39}}]},"8":{"line":83,"type":"if","locations":[{"start":{"line":83,"column":8},"end":{"line":83,"column":8}},{"start":{"line":83,"column":8},"end":{"line":83,"column":8}}]},"9":{"line":84,"type":"if","locations":[{"start":{"line":84,"column":8},"end":{"line":84,"column":8}},{"start":{"line":84,"column":8},"end":{"line":84,"column":8}}]},"10":{"line":88,"type":"if","locations":[{"start":{"line":88,"column":8},"end":{"line":88,"column":8}},{"start":{"line":88,"column":8},"end":{"line":88,"column":8}}]},"11":{"line":94,"type":"if","locations":[{"start":{"line":94,"column":8},"end":{"line":94,"column":8}},{"start":{"line":94,"column":8},"end":{"line":94,"column":8}}]},"12":{"line":98,"type":"if","locations":[{"start":{"line":98,"column":53},"end":{"line":98,"column":53}},{"start":{"line":98,"column":53},"end":{"line":98,"column":53}}]},"13":{"line":102,"type":"if","locations":[{"start":{"line":102,"column":56},"end":{"line":102,"column":56}},{"start":{"line":102,"column":56},"end":{"line":102,"column":56}}]},"14":{"line":107,"type":"if","locations":[{"start":{"line":107,"column":8},"end":{"line":107,"column":8}},{"start":{"line":107,"column":8},"end":{"line":107,"column":8}}]},"15":{"line":112,"type":"if","locations":[{"start":{"line":112,"column":8},"end":{"line":112,"column":8}},{"start":{"line":112,"column":8},"end":{"line":112,"column":8}}]}}},
"contracts/mocks/MockV3Aggregator.sol":{"l":{},"path":"/Users/jsm/hardhat-project/Web3_tutorial/contracts/mocks/MockV3Aggregator.sol","s":{},"b":{},"f":{},"fnMap":{},"statementMap":{},"branchMap":{}}}
