TN:
SF:/Users/jsm/hardhat-project/Web3_tutorial/contracts/FundMe.sol
FN:30,constructor
FN:37,getChainlinkDataFeedLatestAnswer
FN:49,fund
FN:55,convertEthToUsd
FN:64,getFund
FN:82,refund
FN:93,setFunderToAmount
FN:98,setErc20Addr
FN:102,transferOwnership
FN:106,windowClose
FN:111,onlyOwner
FNF:11
FNH:8
FNDA:3,constructor
FNDA:14,getChainlinkDataFeedLatestAnswer
FNDA:10,fund
FNDA:14,convertEthToUsd
FNDA:2,getFund
FNDA:2,refund
FNDA:0,setFunderToAmount
FNDA:0,setErc20Addr
FNDA:0,transferOwnership
FNDA:6,windowClose
FNDA:2,onlyOwner
DA:31,3
DA:32,3
DA:33,3
DA:34,3
DA:39,14
DA:46,14
DA:50,10
DA:51,9
DA:52,8
DA:60,14
DA:61,14
DA:65,2
DA:72,1
DA:73,1
DA:74,1
DA:75,1
DA:76,1
DA:77,1
DA:79,1
DA:83,2
DA:84,1
DA:85,1
DA:86,1
DA:87,1
DA:88,1
DA:89,1
DA:90,1
DA:94,0
DA:95,0
DA:99,0
DA:103,0
DA:107,6
DA:108,4
DA:112,2
DA:113,2
LF:35
LH:31
BRDA:50,1,0,9
BRDA:50,1,1,1
BRDA:51,2,0,8
BRDA:51,2,1,1
BRDA:64,3,0,2
BRDA:64,3,1,1
BRDA:64,4,0,2
BRDA:64,4,1,0
BRDA:65,5,0,1
BRDA:65,5,1,1
BRDA:75,6,0,1
BRDA:75,6,1,0
BRDA:82,7,0,2
BRDA:82,7,1,1
BRDA:83,8,0,1
BRDA:83,8,1,1
BRDA:84,9,0,1
BRDA:84,9,1,0
BRDA:88,10,0,1
BRDA:88,10,1,0
BRDA:94,11,0,0
BRDA:94,11,1,0
BRDA:98,12,0,0
BRDA:98,12,1,0
BRDA:102,13,0,0
BRDA:102,13,1,0
BRDA:107,14,0,4
BRDA:107,14,1,2
BRDA:112,15,0,2
BRDA:112,15,1,0
BRF:30
BRH:19
end_of_record
TN:
SF:/Users/jsm/hardhat-project/Web3_tutorial/contracts/mocks/MockV3Aggregator.sol
FNF:0
FNH:0
LF:0
LH:0
BRF:0
BRH:0
end_of_record
